ERROR - 2025-07-12 11:10:04 --> mysqli_sql_exception: Duplicate entry '1' for key 'PRIMARY' in C:\xampp\htdocs\sistem-perpustakaan-qr-code-main\vendor\codeigniter4\framework\system\Database\MySQLi\Connection.php:327
Stack trace:
#0 C:\xampp\htdocs\sistem-perpustakaan-qr-code-main\vendor\codeigniter4\framework\system\Database\MySQLi\Connection.php(327): mysqli->query('INSERT INTO `lo...', 0)
#1 C:\xampp\htdocs\sistem-perpustakaan-qr-code-main\vendor\codeigniter4\framework\system\Database\BaseConnection.php(738): CodeIgniter\Database\MySQLi\Connection->execute('INSERT INTO `lo...')
#2 C:\xampp\htdocs\sistem-perpustakaan-qr-code-main\vendor\codeigniter4\framework\system\Database\BaseConnection.php(652): CodeIgniter\Database\BaseConnection->simpleQuery('INSERT INTO `lo...')
#3 C:\xampp\htdocs\sistem-perpustakaan-qr-code-main\vendor\codeigniter4\framework\system\Database\BaseBuilder.php(1841): CodeIgniter\Database\BaseConnection->query('INSERT INTO `lo...', NULL, false)
#4 C:\xampp\htdocs\sistem-perpustakaan-qr-code-main\vendor\codeigniter4\framework\system\Database\BaseBuilder.php(2230): CodeIgniter\Database\BaseBuilder->batchExecute('_insertBatch', 100)
#5 C:\xampp\htdocs\sistem-perpustakaan-qr-code-main\app\Database\Seeds\LoanSeeder.php(69): CodeIgniter\Database\BaseBuilder->insertBatch(Array)
#6 C:\xampp\htdocs\sistem-perpustakaan-qr-code-main\vendor\codeigniter4\framework\system\Database\Seeder.php(149): App\Database\Seeds\LoanSeeder->run()
#7 C:\xampp\htdocs\sistem-perpustakaan-qr-code-main\vendor\codeigniter4\framework\system\Commands\Database\Seed.php(79): CodeIgniter\Database\Seeder->call('App\\Database\\Se...')
#8 C:\xampp\htdocs\sistem-perpustakaan-qr-code-main\vendor\codeigniter4\framework\system\CLI\Commands.php(74): CodeIgniter\Commands\Database\Seed->run(Array)
#9 C:\xampp\htdocs\sistem-perpustakaan-qr-code-main\vendor\codeigniter4\framework\system\CLI\Console.php(47): CodeIgniter\CLI\Commands->run('db:seed', Array)
#10 C:\xampp\htdocs\sistem-perpustakaan-qr-code-main\vendor\codeigniter4\framework\system\Boot.php(360): CodeIgniter\CLI\Console->run()
#11 C:\xampp\htdocs\sistem-perpustakaan-qr-code-main\vendor\codeigniter4\framework\system\Boot.php(104): CodeIgniter\Boot::runCommand(Object(CodeIgniter\CLI\Console))
#12 C:\xampp\htdocs\sistem-perpustakaan-qr-code-main\spark(84): CodeIgniter\Boot::bootSpark(Object(Config\Paths))
#13 {main}
ERROR - 2025-07-12 11:16:09 --> mysqli_sql_exception: Duplicate entry '2' for key 'PRIMARY' in C:\xampp\htdocs\sistem-perpustakaan-qr-code-main\vendor\codeigniter4\framework\system\Database\MySQLi\Connection.php:327
Stack trace:
#0 C:\xampp\htdocs\sistem-perpustakaan-qr-code-main\vendor\codeigniter4\framework\system\Database\MySQLi\Connection.php(327): mysqli->query('INSERT INTO `lo...', 0)
#1 C:\xampp\htdocs\sistem-perpustakaan-qr-code-main\vendor\codeigniter4\framework\system\Database\BaseConnection.php(738): CodeIgniter\Database\MySQLi\Connection->execute('INSERT INTO `lo...')
#2 C:\xampp\htdocs\sistem-perpustakaan-qr-code-main\vendor\codeigniter4\framework\system\Database\BaseConnection.php(652): CodeIgniter\Database\BaseConnection->simpleQuery('INSERT INTO `lo...')
#3 C:\xampp\htdocs\sistem-perpustakaan-qr-code-main\vendor\codeigniter4\framework\system\Database\BaseBuilder.php(1841): CodeIgniter\Database\BaseConnection->query('INSERT INTO `lo...', NULL, false)
#4 C:\xampp\htdocs\sistem-perpustakaan-qr-code-main\vendor\codeigniter4\framework\system\Database\BaseBuilder.php(2230): CodeIgniter\Database\BaseBuilder->batchExecute('_insertBatch', 100)
#5 C:\xampp\htdocs\sistem-perpustakaan-qr-code-main\app\Database\Seeds\LoanSeeder.php(69): CodeIgniter\Database\BaseBuilder->insertBatch(Array)
#6 C:\xampp\htdocs\sistem-perpustakaan-qr-code-main\vendor\codeigniter4\framework\system\Database\Seeder.php(149): App\Database\Seeds\LoanSeeder->run()
#7 C:\xampp\htdocs\sistem-perpustakaan-qr-code-main\vendor\codeigniter4\framework\system\Commands\Database\Seed.php(79): CodeIgniter\Database\Seeder->call('App\\Database\\Se...')
#8 C:\xampp\htdocs\sistem-perpustakaan-qr-code-main\vendor\codeigniter4\framework\system\CLI\Commands.php(74): CodeIgniter\Commands\Database\Seed->run(Array)
#9 C:\xampp\htdocs\sistem-perpustakaan-qr-code-main\vendor\codeigniter4\framework\system\CLI\Console.php(47): CodeIgniter\CLI\Commands->run('db:seed', Array)
#10 C:\xampp\htdocs\sistem-perpustakaan-qr-code-main\vendor\codeigniter4\framework\system\Boot.php(360): CodeIgniter\CLI\Console->run()
#11 C:\xampp\htdocs\sistem-perpustakaan-qr-code-main\vendor\codeigniter4\framework\system\Boot.php(104): CodeIgniter\Boot::runCommand(Object(CodeIgniter\CLI\Console))
#12 C:\xampp\htdocs\sistem-perpustakaan-qr-code-main\spark(84): CodeIgniter\Boot::bootSpark(Object(Config\Paths))
#13 {main}
ERROR - 2025-07-12 11:16:22 --> mysqli_sql_exception: Duplicate entry '2' for key 'PRIMARY' in C:\xampp\htdocs\sistem-perpustakaan-qr-code-main\vendor\codeigniter4\framework\system\Database\MySQLi\Connection.php:327
Stack trace:
#0 C:\xampp\htdocs\sistem-perpustakaan-qr-code-main\vendor\codeigniter4\framework\system\Database\MySQLi\Connection.php(327): mysqli->query('INSERT INTO `lo...', 0)
#1 C:\xampp\htdocs\sistem-perpustakaan-qr-code-main\vendor\codeigniter4\framework\system\Database\BaseConnection.php(738): CodeIgniter\Database\MySQLi\Connection->execute('INSERT INTO `lo...')
#2 C:\xampp\htdocs\sistem-perpustakaan-qr-code-main\vendor\codeigniter4\framework\system\Database\BaseConnection.php(652): CodeIgniter\Database\BaseConnection->simpleQuery('INSERT INTO `lo...')
#3 C:\xampp\htdocs\sistem-perpustakaan-qr-code-main\vendor\codeigniter4\framework\system\Database\BaseBuilder.php(1841): CodeIgniter\Database\BaseConnection->query('INSERT INTO `lo...', NULL, false)
#4 C:\xampp\htdocs\sistem-perpustakaan-qr-code-main\vendor\codeigniter4\framework\system\Database\BaseBuilder.php(2230): CodeIgniter\Database\BaseBuilder->batchExecute('_insertBatch', 100)
#5 C:\xampp\htdocs\sistem-perpustakaan-qr-code-main\app\Database\Seeds\LoanSeeder.php(69): CodeIgniter\Database\BaseBuilder->insertBatch(Array)
#6 C:\xampp\htdocs\sistem-perpustakaan-qr-code-main\vendor\codeigniter4\framework\system\Database\Seeder.php(149): App\Database\Seeds\LoanSeeder->run()
#7 C:\xampp\htdocs\sistem-perpustakaan-qr-code-main\app\Database\Seeds\Seeder.php(29): CodeIgniter\Database\Seeder->call('App\\Database\\Se...')
#8 C:\xampp\htdocs\sistem-perpustakaan-qr-code-main\vendor\codeigniter4\framework\system\Database\Seeder.php(149): App\Database\Seeds\Seeder->run()
#9 C:\xampp\htdocs\sistem-perpustakaan-qr-code-main\vendor\codeigniter4\framework\system\Commands\Database\Seed.php(79): CodeIgniter\Database\Seeder->call('App\\Database\\Se...')
#10 C:\xampp\htdocs\sistem-perpustakaan-qr-code-main\vendor\codeigniter4\framework\system\CLI\Commands.php(74): CodeIgniter\Commands\Database\Seed->run(Array)
#11 C:\xampp\htdocs\sistem-perpustakaan-qr-code-main\vendor\codeigniter4\framework\system\CLI\Console.php(47): CodeIgniter\CLI\Commands->run('db:seed', Array)
#12 C:\xampp\htdocs\sistem-perpustakaan-qr-code-main\vendor\codeigniter4\framework\system\Boot.php(360): CodeIgniter\CLI\Console->run()
#13 C:\xampp\htdocs\sistem-perpustakaan-qr-code-main\vendor\codeigniter4\framework\system\Boot.php(104): CodeIgniter\Boot::runCommand(Object(CodeIgniter\CLI\Console))
#14 C:\xampp\htdocs\sistem-perpustakaan-qr-code-main\spark(84): CodeIgniter\Boot::bootSpark(Object(Config\Paths))
#15 {main}
