ERROR - 2025-07-16 00:13:38 --> Error connecting to the database: mysqli_sql_exception: Access denied for user 'root'@'localhost' (using password: YES) in C:\xampp\htdocs\sistem-perpustakaan-qr-code-main - Asli\vendor\codeigniter4\framework\system\Database\MySQLi\Connection.php:201
Stack trace:
#0 C:\xampp\htdocs\sistem-perpustakaan-qr-code-main - Asli\vendor\codeigniter4\framework\system\Database\MySQLi\Connection.php(201): mysqli->real_connect('localhost', 'root', Object(SensitiveParameterValue), 'db_book_library', 3306, '', 0)
#1 C:\xampp\htdocs\sistem-perpustakaan-qr-code-main - Asli\vendor\codeigniter4\framework\system\Database\BaseConnection.php(421): CodeIgniter\Database\MySQLi\Connection->connect(false)
#2 C:\xampp\htdocs\sistem-perpustakaan-qr-code-main - Asli\vendor\codeigniter4\framework\system\Test\DatabaseTestTrait.php(83): CodeIgniter\Database\BaseConnection->initialize()
#3 C:\xampp\htdocs\sistem-perpustakaan-qr-code-main - Asli\vendor\codeigniter4\framework\system\Test\DatabaseTestTrait.php(59): ExampleDatabaseTest->loadDependencies()
#4 C:\xampp\htdocs\sistem-perpustakaan-qr-code-main - Asli\vendor\codeigniter4\framework\system\Test\CIUnitTestCase.php(251): ExampleDatabaseTest->setUpDatabase()
#5 C:\xampp\htdocs\sistem-perpustakaan-qr-code-main - Asli\vendor\phpunit\phpunit\src\Framework\TestCase.php(1216): CodeIgniter\Test\CIUnitTestCase->setUp()
#6 C:\xampp\htdocs\sistem-perpustakaan-qr-code-main - Asli\vendor\phpunit\phpunit\src\Framework\TestResult.php(729): PHPUnit\Framework\TestCase->runBare()
#7 C:\xampp\htdocs\sistem-perpustakaan-qr-code-main - Asli\vendor\phpunit\phpunit\src\Framework\TestCase.php(973): PHPUnit\Framework\TestResult->run(Object(ExampleDatabaseTest))
#8 C:\xampp\htdocs\sistem-perpustakaan-qr-code-main - Asli\vendor\phpunit\phpunit\src\Framework\TestSuite.php(685): PHPUnit\Framework\TestCase->run(Object(PHPUnit\Framework\TestResult))
#9 C:\xampp\htdocs\sistem-perpustakaan-qr-code-main - Asli\vendor\phpunit\phpunit\src\Framework\TestSuite.php(685): PHPUnit\Framework\TestSuite->run(Object(PHPUnit\Framework\TestResult))
#10 C:\xampp\htdocs\sistem-perpustakaan-qr-code-main - Asli\vendor\phpunit\phpunit\src\Framework\TestSuite.php(685): PHPUnit\Framework\TestSuite->run(Object(PHPUnit\Framework\TestResult))
#11 C:\xampp\htdocs\sistem-perpustakaan-qr-code-main - Asli\vendor\phpunit\phpunit\src\TextUI\TestRunner.php(651): PHPUnit\Framework\TestSuite->run(Object(PHPUnit\Framework\TestResult))
#12 C:\xampp\htdocs\sistem-perpustakaan-qr-code-main - Asli\vendor\phpunit\phpunit\src\TextUI\Command.php(146): PHPUnit\TextUI\TestRunner->run(Object(PHPUnit\Framework\TestSuite), Array, Array, true)
#13 C:\xampp\htdocs\sistem-perpustakaan-qr-code-main - Asli\vendor\phpunit\phpunit\src\TextUI\Command.php(99): PHPUnit\TextUI\Command->run(Array, true)
#14 C:\xampp\htdocs\sistem-perpustakaan-qr-code-main - Asli\vendor\phpunit\phpunit\phpunit(107): PHPUnit\TextUI\Command::main()
#15 C:\xampp\htdocs\sistem-perpustakaan-qr-code-main - Asli\vendor\bin\phpunit(122): include('C:\\xampp\\htdocs...')
#16 {main}

Next CodeIgniter\Database\Exceptions\DatabaseException: Access denied for user '****'@'localhost' (using password: YES) in C:\xampp\htdocs\sistem-perpustakaan-qr-code-main - Asli\vendor\codeigniter4\framework\system\Database\MySQLi\Connection.php:246
Stack trace:
#0 C:\xampp\htdocs\sistem-perpustakaan-qr-code-main - Asli\vendor\codeigniter4\framework\system\Database\BaseConnection.php(421): CodeIgniter\Database\MySQLi\Connection->connect(false)
#1 C:\xampp\htdocs\sistem-perpustakaan-qr-code-main - Asli\vendor\codeigniter4\framework\system\Test\DatabaseTestTrait.php(83): CodeIgniter\Database\BaseConnection->initialize()
#2 C:\xampp\htdocs\sistem-perpustakaan-qr-code-main - Asli\vendor\codeigniter4\framework\system\Test\DatabaseTestTrait.php(59): ExampleDatabaseTest->loadDependencies()
#3 C:\xampp\htdocs\sistem-perpustakaan-qr-code-main - Asli\vendor\codeigniter4\framework\system\Test\CIUnitTestCase.php(251): ExampleDatabaseTest->setUpDatabase()
#4 C:\xampp\htdocs\sistem-perpustakaan-qr-code-main - Asli\vendor\phpunit\phpunit\src\Framework\TestCase.php(1216): CodeIgniter\Test\CIUnitTestCase->setUp()
#5 C:\xampp\htdocs\sistem-perpustakaan-qr-code-main - Asli\vendor\phpunit\phpunit\src\Framework\TestResult.php(729): PHPUnit\Framework\TestCase->runBare()
#6 C:\xampp\htdocs\sistem-perpustakaan-qr-code-main - Asli\vendor\phpunit\phpunit\src\Framework\TestCase.php(973): PHPUnit\Framework\TestResult->run(Object(ExampleDatabaseTest))
#7 C:\xampp\htdocs\sistem-perpustakaan-qr-code-main - Asli\vendor\phpunit\phpunit\src\Framework\TestSuite.php(685): PHPUnit\Framework\TestCase->run(Object(PHPUnit\Framework\TestResult))
#8 C:\xampp\htdocs\sistem-perpustakaan-qr-code-main - Asli\vendor\phpunit\phpunit\src\Framework\TestSuite.php(685): PHPUnit\Framework\TestSuite->run(Object(PHPUnit\Framework\TestResult))
#9 C:\xampp\htdocs\sistem-perpustakaan-qr-code-main - Asli\vendor\phpunit\phpunit\src\Framework\TestSuite.php(685): PHPUnit\Framework\TestSuite->run(Object(PHPUnit\Framework\TestResult))
#10 C:\xampp\htdocs\sistem-perpustakaan-qr-code-main - Asli\vendor\phpunit\phpunit\src\TextUI\TestRunner.php(651): PHPUnit\Framework\TestSuite->run(Object(PHPUnit\Framework\TestResult))
#11 C:\xampp\htdocs\sistem-perpustakaan-qr-code-main - Asli\vendor\phpunit\phpunit\src\TextUI\Command.php(146): PHPUnit\TextUI\TestRunner->run(Object(PHPUnit\Framework\TestSuite), Array, Array, true)
#12 C:\xampp\htdocs\sistem-perpustakaan-qr-code-main - Asli\vendor\phpunit\phpunit\src\TextUI\Command.php(99): PHPUnit\TextUI\Command->run(Array, true)
#13 C:\xampp\htdocs\sistem-perpustakaan-qr-code-main - Asli\vendor\phpunit\phpunit\phpunit(107): PHPUnit\TextUI\Command::main()
#14 C:\xampp\htdocs\sistem-perpustakaan-qr-code-main - Asli\vendor\bin\phpunit(122): include('C:\\xampp\\htdocs...')
#15 {main}
ERROR - 2025-07-16 00:13:38 --> Error connecting to the database: mysqli_sql_exception: Access denied for user 'root'@'localhost' (using password: YES) in C:\xampp\htdocs\sistem-perpustakaan-qr-code-main - Asli\vendor\codeigniter4\framework\system\Database\MySQLi\Connection.php:201
Stack trace:
#0 C:\xampp\htdocs\sistem-perpustakaan-qr-code-main - Asli\vendor\codeigniter4\framework\system\Database\MySQLi\Connection.php(201): mysqli->real_connect('localhost', 'root', Object(SensitiveParameterValue), 'db_book_library', 3306, '', 0)
#1 C:\xampp\htdocs\sistem-perpustakaan-qr-code-main - Asli\vendor\codeigniter4\framework\system\Database\BaseConnection.php(421): CodeIgniter\Database\MySQLi\Connection->connect(false)
#2 C:\xampp\htdocs\sistem-perpustakaan-qr-code-main - Asli\vendor\codeigniter4\framework\system\Test\DatabaseTestTrait.php(83): CodeIgniter\Database\BaseConnection->initialize()
#3 C:\xampp\htdocs\sistem-perpustakaan-qr-code-main - Asli\vendor\codeigniter4\framework\system\Test\DatabaseTestTrait.php(59): ExampleDatabaseTest->loadDependencies()
#4 C:\xampp\htdocs\sistem-perpustakaan-qr-code-main - Asli\vendor\codeigniter4\framework\system\Test\CIUnitTestCase.php(251): ExampleDatabaseTest->setUpDatabase()
#5 C:\xampp\htdocs\sistem-perpustakaan-qr-code-main - Asli\vendor\phpunit\phpunit\src\Framework\TestCase.php(1216): CodeIgniter\Test\CIUnitTestCase->setUp()
#6 C:\xampp\htdocs\sistem-perpustakaan-qr-code-main - Asli\vendor\phpunit\phpunit\src\Framework\TestResult.php(729): PHPUnit\Framework\TestCase->runBare()
#7 C:\xampp\htdocs\sistem-perpustakaan-qr-code-main - Asli\vendor\phpunit\phpunit\src\Framework\TestCase.php(973): PHPUnit\Framework\TestResult->run(Object(ExampleDatabaseTest))
#8 C:\xampp\htdocs\sistem-perpustakaan-qr-code-main - Asli\vendor\phpunit\phpunit\src\Framework\TestSuite.php(685): PHPUnit\Framework\TestCase->run(Object(PHPUnit\Framework\TestResult))
#9 C:\xampp\htdocs\sistem-perpustakaan-qr-code-main - Asli\vendor\phpunit\phpunit\src\Framework\TestSuite.php(685): PHPUnit\Framework\TestSuite->run(Object(PHPUnit\Framework\TestResult))
#10 C:\xampp\htdocs\sistem-perpustakaan-qr-code-main - Asli\vendor\phpunit\phpunit\src\Framework\TestSuite.php(685): PHPUnit\Framework\TestSuite->run(Object(PHPUnit\Framework\TestResult))
#11 C:\xampp\htdocs\sistem-perpustakaan-qr-code-main - Asli\vendor\phpunit\phpunit\src\TextUI\TestRunner.php(651): PHPUnit\Framework\TestSuite->run(Object(PHPUnit\Framework\TestResult))
#12 C:\xampp\htdocs\sistem-perpustakaan-qr-code-main - Asli\vendor\phpunit\phpunit\src\TextUI\Command.php(146): PHPUnit\TextUI\TestRunner->run(Object(PHPUnit\Framework\TestSuite), Array, Array, true)
#13 C:\xampp\htdocs\sistem-perpustakaan-qr-code-main - Asli\vendor\phpunit\phpunit\src\TextUI\Command.php(99): PHPUnit\TextUI\Command->run(Array, true)
#14 C:\xampp\htdocs\sistem-perpustakaan-qr-code-main - Asli\vendor\phpunit\phpunit\phpunit(107): PHPUnit\TextUI\Command::main()
#15 C:\xampp\htdocs\sistem-perpustakaan-qr-code-main - Asli\vendor\bin\phpunit(122): include('C:\\xampp\\htdocs...')
#16 {main}

Next CodeIgniter\Database\Exceptions\DatabaseException: Access denied for user '****'@'localhost' (using password: YES) in C:\xampp\htdocs\sistem-perpustakaan-qr-code-main - Asli\vendor\codeigniter4\framework\system\Database\MySQLi\Connection.php:246
Stack trace:
#0 C:\xampp\htdocs\sistem-perpustakaan-qr-code-main - Asli\vendor\codeigniter4\framework\system\Database\BaseConnection.php(421): CodeIgniter\Database\MySQLi\Connection->connect(false)
#1 C:\xampp\htdocs\sistem-perpustakaan-qr-code-main - Asli\vendor\codeigniter4\framework\system\Test\DatabaseTestTrait.php(83): CodeIgniter\Database\BaseConnection->initialize()
#2 C:\xampp\htdocs\sistem-perpustakaan-qr-code-main - Asli\vendor\codeigniter4\framework\system\Test\DatabaseTestTrait.php(59): ExampleDatabaseTest->loadDependencies()
#3 C:\xampp\htdocs\sistem-perpustakaan-qr-code-main - Asli\vendor\codeigniter4\framework\system\Test\CIUnitTestCase.php(251): ExampleDatabaseTest->setUpDatabase()
#4 C:\xampp\htdocs\sistem-perpustakaan-qr-code-main - Asli\vendor\phpunit\phpunit\src\Framework\TestCase.php(1216): CodeIgniter\Test\CIUnitTestCase->setUp()
#5 C:\xampp\htdocs\sistem-perpustakaan-qr-code-main - Asli\vendor\phpunit\phpunit\src\Framework\TestResult.php(729): PHPUnit\Framework\TestCase->runBare()
#6 C:\xampp\htdocs\sistem-perpustakaan-qr-code-main - Asli\vendor\phpunit\phpunit\src\Framework\TestCase.php(973): PHPUnit\Framework\TestResult->run(Object(ExampleDatabaseTest))
#7 C:\xampp\htdocs\sistem-perpustakaan-qr-code-main - Asli\vendor\phpunit\phpunit\src\Framework\TestSuite.php(685): PHPUnit\Framework\TestCase->run(Object(PHPUnit\Framework\TestResult))
#8 C:\xampp\htdocs\sistem-perpustakaan-qr-code-main - Asli\vendor\phpunit\phpunit\src\Framework\TestSuite.php(685): PHPUnit\Framework\TestSuite->run(Object(PHPUnit\Framework\TestResult))
#9 C:\xampp\htdocs\sistem-perpustakaan-qr-code-main - Asli\vendor\phpunit\phpunit\src\Framework\TestSuite.php(685): PHPUnit\Framework\TestSuite->run(Object(PHPUnit\Framework\TestResult))
#10 C:\xampp\htdocs\sistem-perpustakaan-qr-code-main - Asli\vendor\phpunit\phpunit\src\TextUI\TestRunner.php(651): PHPUnit\Framework\TestSuite->run(Object(PHPUnit\Framework\TestResult))
#11 C:\xampp\htdocs\sistem-perpustakaan-qr-code-main - Asli\vendor\phpunit\phpunit\src\TextUI\Command.php(146): PHPUnit\TextUI\TestRunner->run(Object(PHPUnit\Framework\TestSuite), Array, Array, true)
#12 C:\xampp\htdocs\sistem-perpustakaan-qr-code-main - Asli\vendor\phpunit\phpunit\src\TextUI\Command.php(99): PHPUnit\TextUI\Command->run(Array, true)
#13 C:\xampp\htdocs\sistem-perpustakaan-qr-code-main - Asli\vendor\phpunit\phpunit\phpunit(107): PHPUnit\TextUI\Command::main()
#14 C:\xampp\htdocs\sistem-perpustakaan-qr-code-main - Asli\vendor\bin\phpunit(122): include('C:\\xampp\\htdocs...')
#15 {main}
ERROR - 2025-07-16 00:24:54 --> Error connecting to the database: mysqli_sql_exception: Access denied for user 'root'@'localhost' (using password: YES) in C:\xampp\htdocs\sistem-perpustakaan-qr-code-main - Asli\vendor\codeigniter4\framework\system\Database\MySQLi\Connection.php:201
Stack trace:
#0 C:\xampp\htdocs\sistem-perpustakaan-qr-code-main - Asli\vendor\codeigniter4\framework\system\Database\MySQLi\Connection.php(201): mysqli->real_connect('127.0.0.1', 'root', Object(SensitiveParameterValue), 'db_book_library...', 3306, '', 0)
#1 C:\xampp\htdocs\sistem-perpustakaan-qr-code-main - Asli\vendor\codeigniter4\framework\system\Database\BaseConnection.php(421): CodeIgniter\Database\MySQLi\Connection->connect(false)
#2 C:\xampp\htdocs\sistem-perpustakaan-qr-code-main - Asli\vendor\codeigniter4\framework\system\Test\DatabaseTestTrait.php(83): CodeIgniter\Database\BaseConnection->initialize()
#3 C:\xampp\htdocs\sistem-perpustakaan-qr-code-main - Asli\vendor\codeigniter4\framework\system\Test\DatabaseTestTrait.php(59): ExampleDatabaseTest->loadDependencies()
#4 C:\xampp\htdocs\sistem-perpustakaan-qr-code-main - Asli\vendor\codeigniter4\framework\system\Test\CIUnitTestCase.php(251): ExampleDatabaseTest->setUpDatabase()
#5 C:\xampp\htdocs\sistem-perpustakaan-qr-code-main - Asli\vendor\phpunit\phpunit\src\Framework\TestCase.php(1216): CodeIgniter\Test\CIUnitTestCase->setUp()
#6 C:\xampp\htdocs\sistem-perpustakaan-qr-code-main - Asli\vendor\phpunit\phpunit\src\Framework\TestResult.php(729): PHPUnit\Framework\TestCase->runBare()
#7 C:\xampp\htdocs\sistem-perpustakaan-qr-code-main - Asli\vendor\phpunit\phpunit\src\Framework\TestCase.php(973): PHPUnit\Framework\TestResult->run(Object(ExampleDatabaseTest))
#8 C:\xampp\htdocs\sistem-perpustakaan-qr-code-main - Asli\vendor\phpunit\phpunit\src\Framework\TestSuite.php(685): PHPUnit\Framework\TestCase->run(Object(PHPUnit\Framework\TestResult))
#9 C:\xampp\htdocs\sistem-perpustakaan-qr-code-main - Asli\vendor\phpunit\phpunit\src\Framework\TestSuite.php(685): PHPUnit\Framework\TestSuite->run(Object(PHPUnit\Framework\TestResult))
#10 C:\xampp\htdocs\sistem-perpustakaan-qr-code-main - Asli\vendor\phpunit\phpunit\src\Framework\TestSuite.php(685): PHPUnit\Framework\TestSuite->run(Object(PHPUnit\Framework\TestResult))
#11 C:\xampp\htdocs\sistem-perpustakaan-qr-code-main - Asli\vendor\phpunit\phpunit\src\TextUI\TestRunner.php(651): PHPUnit\Framework\TestSuite->run(Object(PHPUnit\Framework\TestResult))
#12 C:\xampp\htdocs\sistem-perpustakaan-qr-code-main - Asli\vendor\phpunit\phpunit\src\TextUI\Command.php(146): PHPUnit\TextUI\TestRunner->run(Object(PHPUnit\Framework\TestSuite), Array, Array, true)
#13 C:\xampp\htdocs\sistem-perpustakaan-qr-code-main - Asli\vendor\phpunit\phpunit\src\TextUI\Command.php(99): PHPUnit\TextUI\Command->run(Array, true)
#14 C:\xampp\htdocs\sistem-perpustakaan-qr-code-main - Asli\vendor\phpunit\phpunit\phpunit(107): PHPUnit\TextUI\Command::main()
#15 C:\xampp\htdocs\sistem-perpustakaan-qr-code-main - Asli\vendor\bin\phpunit(122): include('C:\\xampp\\htdocs...')
#16 {main}

Next CodeIgniter\Database\Exceptions\DatabaseException: Access denied for user '****'@'localhost' (using password: YES) in C:\xampp\htdocs\sistem-perpustakaan-qr-code-main - Asli\vendor\codeigniter4\framework\system\Database\MySQLi\Connection.php:246
Stack trace:
#0 C:\xampp\htdocs\sistem-perpustakaan-qr-code-main - Asli\vendor\codeigniter4\framework\system\Database\BaseConnection.php(421): CodeIgniter\Database\MySQLi\Connection->connect(false)
#1 C:\xampp\htdocs\sistem-perpustakaan-qr-code-main - Asli\vendor\codeigniter4\framework\system\Test\DatabaseTestTrait.php(83): CodeIgniter\Database\BaseConnection->initialize()
#2 C:\xampp\htdocs\sistem-perpustakaan-qr-code-main - Asli\vendor\codeigniter4\framework\system\Test\DatabaseTestTrait.php(59): ExampleDatabaseTest->loadDependencies()
#3 C:\xampp\htdocs\sistem-perpustakaan-qr-code-main - Asli\vendor\codeigniter4\framework\system\Test\CIUnitTestCase.php(251): ExampleDatabaseTest->setUpDatabase()
#4 C:\xampp\htdocs\sistem-perpustakaan-qr-code-main - Asli\vendor\phpunit\phpunit\src\Framework\TestCase.php(1216): CodeIgniter\Test\CIUnitTestCase->setUp()
#5 C:\xampp\htdocs\sistem-perpustakaan-qr-code-main - Asli\vendor\phpunit\phpunit\src\Framework\TestResult.php(729): PHPUnit\Framework\TestCase->runBare()
#6 C:\xampp\htdocs\sistem-perpustakaan-qr-code-main - Asli\vendor\phpunit\phpunit\src\Framework\TestCase.php(973): PHPUnit\Framework\TestResult->run(Object(ExampleDatabaseTest))
#7 C:\xampp\htdocs\sistem-perpustakaan-qr-code-main - Asli\vendor\phpunit\phpunit\src\Framework\TestSuite.php(685): PHPUnit\Framework\TestCase->run(Object(PHPUnit\Framework\TestResult))
#8 C:\xampp\htdocs\sistem-perpustakaan-qr-code-main - Asli\vendor\phpunit\phpunit\src\Framework\TestSuite.php(685): PHPUnit\Framework\TestSuite->run(Object(PHPUnit\Framework\TestResult))
#9 C:\xampp\htdocs\sistem-perpustakaan-qr-code-main - Asli\vendor\phpunit\phpunit\src\Framework\TestSuite.php(685): PHPUnit\Framework\TestSuite->run(Object(PHPUnit\Framework\TestResult))
#10 C:\xampp\htdocs\sistem-perpustakaan-qr-code-main - Asli\vendor\phpunit\phpunit\src\TextUI\TestRunner.php(651): PHPUnit\Framework\TestSuite->run(Object(PHPUnit\Framework\TestResult))
#11 C:\xampp\htdocs\sistem-perpustakaan-qr-code-main - Asli\vendor\phpunit\phpunit\src\TextUI\Command.php(146): PHPUnit\TextUI\TestRunner->run(Object(PHPUnit\Framework\TestSuite), Array, Array, true)
#12 C:\xampp\htdocs\sistem-perpustakaan-qr-code-main - Asli\vendor\phpunit\phpunit\src\TextUI\Command.php(99): PHPUnit\TextUI\Command->run(Array, true)
#13 C:\xampp\htdocs\sistem-perpustakaan-qr-code-main - Asli\vendor\phpunit\phpunit\phpunit(107): PHPUnit\TextUI\Command::main()
#14 C:\xampp\htdocs\sistem-perpustakaan-qr-code-main - Asli\vendor\bin\phpunit(122): include('C:\\xampp\\htdocs...')
#15 {main}
ERROR - 2025-07-16 00:24:54 --> Error connecting to the database: mysqli_sql_exception: Access denied for user 'root'@'localhost' (using password: YES) in C:\xampp\htdocs\sistem-perpustakaan-qr-code-main - Asli\vendor\codeigniter4\framework\system\Database\MySQLi\Connection.php:201
Stack trace:
#0 C:\xampp\htdocs\sistem-perpustakaan-qr-code-main - Asli\vendor\codeigniter4\framework\system\Database\MySQLi\Connection.php(201): mysqli->real_connect('127.0.0.1', 'root', Object(SensitiveParameterValue), 'db_book_library...', 3306, '', 0)
#1 C:\xampp\htdocs\sistem-perpustakaan-qr-code-main - Asli\vendor\codeigniter4\framework\system\Database\BaseConnection.php(421): CodeIgniter\Database\MySQLi\Connection->connect(false)
#2 C:\xampp\htdocs\sistem-perpustakaan-qr-code-main - Asli\vendor\codeigniter4\framework\system\Test\DatabaseTestTrait.php(83): CodeIgniter\Database\BaseConnection->initialize()
#3 C:\xampp\htdocs\sistem-perpustakaan-qr-code-main - Asli\vendor\codeigniter4\framework\system\Test\DatabaseTestTrait.php(59): ExampleDatabaseTest->loadDependencies()
#4 C:\xampp\htdocs\sistem-perpustakaan-qr-code-main - Asli\vendor\codeigniter4\framework\system\Test\CIUnitTestCase.php(251): ExampleDatabaseTest->setUpDatabase()
#5 C:\xampp\htdocs\sistem-perpustakaan-qr-code-main - Asli\vendor\phpunit\phpunit\src\Framework\TestCase.php(1216): CodeIgniter\Test\CIUnitTestCase->setUp()
#6 C:\xampp\htdocs\sistem-perpustakaan-qr-code-main - Asli\vendor\phpunit\phpunit\src\Framework\TestResult.php(729): PHPUnit\Framework\TestCase->runBare()
#7 C:\xampp\htdocs\sistem-perpustakaan-qr-code-main - Asli\vendor\phpunit\phpunit\src\Framework\TestCase.php(973): PHPUnit\Framework\TestResult->run(Object(ExampleDatabaseTest))
#8 C:\xampp\htdocs\sistem-perpustakaan-qr-code-main - Asli\vendor\phpunit\phpunit\src\Framework\TestSuite.php(685): PHPUnit\Framework\TestCase->run(Object(PHPUnit\Framework\TestResult))
#9 C:\xampp\htdocs\sistem-perpustakaan-qr-code-main - Asli\vendor\phpunit\phpunit\src\Framework\TestSuite.php(685): PHPUnit\Framework\TestSuite->run(Object(PHPUnit\Framework\TestResult))
#10 C:\xampp\htdocs\sistem-perpustakaan-qr-code-main - Asli\vendor\phpunit\phpunit\src\Framework\TestSuite.php(685): PHPUnit\Framework\TestSuite->run(Object(PHPUnit\Framework\TestResult))
#11 C:\xampp\htdocs\sistem-perpustakaan-qr-code-main - Asli\vendor\phpunit\phpunit\src\TextUI\TestRunner.php(651): PHPUnit\Framework\TestSuite->run(Object(PHPUnit\Framework\TestResult))
#12 C:\xampp\htdocs\sistem-perpustakaan-qr-code-main - Asli\vendor\phpunit\phpunit\src\TextUI\Command.php(146): PHPUnit\TextUI\TestRunner->run(Object(PHPUnit\Framework\TestSuite), Array, Array, true)
#13 C:\xampp\htdocs\sistem-perpustakaan-qr-code-main - Asli\vendor\phpunit\phpunit\src\TextUI\Command.php(99): PHPUnit\TextUI\Command->run(Array, true)
#14 C:\xampp\htdocs\sistem-perpustakaan-qr-code-main - Asli\vendor\phpunit\phpunit\phpunit(107): PHPUnit\TextUI\Command::main()
#15 C:\xampp\htdocs\sistem-perpustakaan-qr-code-main - Asli\vendor\bin\phpunit(122): include('C:\\xampp\\htdocs...')
#16 {main}

Next CodeIgniter\Database\Exceptions\DatabaseException: Access denied for user '****'@'localhost' (using password: YES) in C:\xampp\htdocs\sistem-perpustakaan-qr-code-main - Asli\vendor\codeigniter4\framework\system\Database\MySQLi\Connection.php:246
Stack trace:
#0 C:\xampp\htdocs\sistem-perpustakaan-qr-code-main - Asli\vendor\codeigniter4\framework\system\Database\BaseConnection.php(421): CodeIgniter\Database\MySQLi\Connection->connect(false)
#1 C:\xampp\htdocs\sistem-perpustakaan-qr-code-main - Asli\vendor\codeigniter4\framework\system\Test\DatabaseTestTrait.php(83): CodeIgniter\Database\BaseConnection->initialize()
#2 C:\xampp\htdocs\sistem-perpustakaan-qr-code-main - Asli\vendor\codeigniter4\framework\system\Test\DatabaseTestTrait.php(59): ExampleDatabaseTest->loadDependencies()
#3 C:\xampp\htdocs\sistem-perpustakaan-qr-code-main - Asli\vendor\codeigniter4\framework\system\Test\CIUnitTestCase.php(251): ExampleDatabaseTest->setUpDatabase()
#4 C:\xampp\htdocs\sistem-perpustakaan-qr-code-main - Asli\vendor\phpunit\phpunit\src\Framework\TestCase.php(1216): CodeIgniter\Test\CIUnitTestCase->setUp()
#5 C:\xampp\htdocs\sistem-perpustakaan-qr-code-main - Asli\vendor\phpunit\phpunit\src\Framework\TestResult.php(729): PHPUnit\Framework\TestCase->runBare()
#6 C:\xampp\htdocs\sistem-perpustakaan-qr-code-main - Asli\vendor\phpunit\phpunit\src\Framework\TestCase.php(973): PHPUnit\Framework\TestResult->run(Object(ExampleDatabaseTest))
#7 C:\xampp\htdocs\sistem-perpustakaan-qr-code-main - Asli\vendor\phpunit\phpunit\src\Framework\TestSuite.php(685): PHPUnit\Framework\TestCase->run(Object(PHPUnit\Framework\TestResult))
#8 C:\xampp\htdocs\sistem-perpustakaan-qr-code-main - Asli\vendor\phpunit\phpunit\src\Framework\TestSuite.php(685): PHPUnit\Framework\TestSuite->run(Object(PHPUnit\Framework\TestResult))
#9 C:\xampp\htdocs\sistem-perpustakaan-qr-code-main - Asli\vendor\phpunit\phpunit\src\Framework\TestSuite.php(685): PHPUnit\Framework\TestSuite->run(Object(PHPUnit\Framework\TestResult))
#10 C:\xampp\htdocs\sistem-perpustakaan-qr-code-main - Asli\vendor\phpunit\phpunit\src\TextUI\TestRunner.php(651): PHPUnit\Framework\TestSuite->run(Object(PHPUnit\Framework\TestResult))
#11 C:\xampp\htdocs\sistem-perpustakaan-qr-code-main - Asli\vendor\phpunit\phpunit\src\TextUI\Command.php(146): PHPUnit\TextUI\TestRunner->run(Object(PHPUnit\Framework\TestSuite), Array, Array, true)
#12 C:\xampp\htdocs\sistem-perpustakaan-qr-code-main - Asli\vendor\phpunit\phpunit\src\TextUI\Command.php(99): PHPUnit\TextUI\Command->run(Array, true)
#13 C:\xampp\htdocs\sistem-perpustakaan-qr-code-main - Asli\vendor\phpunit\phpunit\phpunit(107): PHPUnit\TextUI\Command::main()
#14 C:\xampp\htdocs\sistem-perpustakaan-qr-code-main - Asli\vendor\bin\phpunit(122): include('C:\\xampp\\htdocs...')
#15 {main}
